Arguments: 
  C:\Program Files\nodejs\node.exe C:\Program Files (x86)\Yarn\bin\yarn.js ts-node src/main.ts

PATH: 
  C:\Program Files (x86)\Microsoft SDKs\Azure\CLI2\wbin;C:\Program Files\Docker\Docker\Resources\bin;C:\ProgramData\Oracle\Java\javapath;C:\VulkanSDK\1.0.46.0\Bin;C:\Program Files\ImageMagick-7.0.4-Q16;c:\program files (x86)\graphicsmagick-1.3.25-q8;C:\Windows\system32;C:\Windows;C:\Windows\System32\Wbem;C:\Windows\System32\WindowsPowerShell\v1.0\;C:\Users\mark.junge\.dnx\bin;C:\Program Files\Microsoft DNX\Dnvm\;C:\Program Files (x86)\Windows Kits\8.1\Windows Performance Toolkit\;C:\Program Files\Microsoft SQL Server\130\Tools\Binn\;C:\Program Files (x86)\Brackets\command;C:\Program Files\Git\cmd;C:\xampp\php;C:\ProgramData\ComposerSetup\bin;C:\Program Files\TortoiseSVN\bin;C:\Program Files (x86)\Lua\5.1;C:\Program Files (x86)\Lua\5.1\clibs;C:\Program Files (x86)\PuTTY\;C:\Go\bin;C:\Program Files\Dart\dart-sdk\bin;C:\Program Files (x86)\NVIDIA Corporation\PhysX\Common;C:\Program Files\CMake\bin;C:\WINDOWS\system32;C:\WINDOWS;C:\WINDOWS\System32\Wbem;C:\WINDOWS\System32\WindowsPowerShell\v1.0\;C:\Users\mark.junge\.cargo\bin;C:\Program Files\MySQL\MySQL Utilities 1.6\;C:\Program Files\PostgreSQL\10\lib;;C:\HaxeToolkit\haxe\;C:\HaxeToolkit\neko;C:\Program Files\Microsoft VS Code\bin;C:\Program Files\nodejs\;C:\Program Files (x86)\Yarn\bin\;C:\Program Files\dotnet\;C:\Users\mark.junge\AppData\Local\Programs\Python\Launcher\;C:\Users\mark.junge\AppData\Local\Programs\Python\Python36\Scripts\;C:\Users\mark.junge\AppData\Local\Programs\Python\Python36\;C:\Users\mark.junge\.cargo\bin;C:\Ruby23-x64\bin;C:\Users\mark.junge\AppData\Local\atom\bin;C:\Users\mark.junge\AppData\Roaming\Composer\vendor\bin;C:\xampp\apache\bin;C:\Users\mark.junge\Documents\C++\bin\glfw3.dll;C:\Users\mark.junge\Documents\C++\lib\glfw3.lib;C:\Utilities;C:\Program Files (x86)\PuTTY;C:\nginx-1.13.4;C:\Users\mark.junge\Documents\cpp\emscripten\emscripten\incoming;C:\Program Files (x86)\GnuWin32\bin;C:\Users\mark.junge\AppData\Local\Microsoft\WindowsApps;C:\Users\mark.junge\Documents\Rust\projects\ae_project_dab\dep\win32\sqlite;C:\Users\mark.junge\Documents\Rust\projects\ae_project_dab\dep\win32\sqlite\sqlite3.lib;C:\Users\mark.junge\AppData\Roaming\npm;C:\Users\mark.junge\AppData\Local\Yarn\bin;C:\Users\mark.junge\.dotnet\tools;C:\Program Files (x86)\Microsoft Visual Studio\2017\BuildTools\Common7\IDE\CommonExtensions\Microsoft\FSharp;C:\Users\mark.junge\AppData\Local\Julia-1.1.0\bin;

Yarn version: 
  1.12.3

Node version: 
  10.12.0

Platform: 
  win32 x64

Trace: 
  SyntaxError: C:\localhost\shippy\shlippy-cli\package.json: Unexpected token } in JSON at position 233
      at JSON.parse (<anonymous>)
      at C:\Program Files (x86)\Yarn\lib\cli.js:1631:59
      at Generator.next (<anonymous>)
      at step (C:\Program Files (x86)\Yarn\lib\cli.js:304:30)
      at C:\Program Files (x86)\Yarn\lib\cli.js:315:13

npm manifest: 
  {
    "name": "shlippy-cli",
    "version": "1.0.0",
    "main": "src/main.ts",
    "license": "MIT",
    "dependencies": {
      "@types/node": "^11.12.0",
      "commander": "^2.19.0",
      "ts-node": "^8.0.3",
      "typescript": "^3.3.4000"
    },
  }

yarn manifest: 
  No manifest

Lockfile: 
  # THIS IS AN AUTOGENERATED FILE. DO NOT EDIT THIS FILE DIRECTLY.
  # yarn lockfile v1
  
  
  "@types/node@^11.12.0":
    version "11.12.0"
    resolved "https://registry.yarnpkg.com/@types/node/-/node-11.12.0.tgz#ec5594728811dc2797e42396cfcdf786f2052c12"
    integrity sha512-Lg00egj78gM+4aE0Erw05cuDbvX9sLJbaaPwwRtdCdAMnIudqrQZ0oZX98Ek0yiSK/A2nubHgJfvII/rTT2Dwg==
  
  arg@^4.1.0:
    version "4.1.0"
    resolved "https://registry.yarnpkg.com/arg/-/arg-4.1.0.tgz#583c518199419e0037abb74062c37f8519e575f0"
    integrity sha512-ZWc51jO3qegGkVh8Hwpv636EkbesNV5ZNQPCtRa+0qytRYPEs9IYT9qITY9buezqUH5uqyzlWLcufrzU2rffdg==
  
  buffer-from@^1.0.0:
    version "1.1.1"
    resolved "https://registry.yarnpkg.com/buffer-from/-/buffer-from-1.1.1.tgz#32713bc028f75c02fdb710d7c7bcec1f2c6070ef"
    integrity sha512-MQcXEUbCKtEo7bhqEs6560Hyd4XaovZlO/k9V3hjVUF/zwW7KBVdSK4gIt/bzwS9MbR5qob+F5jusZsb0YQK2A==
  
  commander@^2.19.0:
    version "2.19.0"
    resolved "https://registry.yarnpkg.com/commander/-/commander-2.19.0.tgz#f6198aa84e5b83c46054b94ddedbfed5ee9ff12a"
    integrity sha512-6tvAOO+D6OENvRAh524Dh9jcfKTYDQAqvqezbCW82xj5X0pSrcpxtvRKHLG0yBY6SD7PSDrJaj+0AiOcKVd1Xg==
  
  diff@^3.1.0:
    version "3.5.0"
    resolved "https://registry.yarnpkg.com/diff/-/diff-3.5.0.tgz#800c0dd1e0a8bfbc95835c202ad220fe317e5a12"
    integrity sha512-A46qtFgd+g7pDZinpnwiRJtxbC1hpgf0uzP3iG89scHk0AUC7A1TGxf5OiiOUv/JMZR8GOt8hL900hV0bOy5xA==
  
  make-error@^1.1.1:
    version "1.3.5"
    resolved "https://registry.yarnpkg.com/make-error/-/make-error-1.3.5.tgz#efe4e81f6db28cadd605c70f29c831b58ef776c8"
    integrity sha512-c3sIjNUow0+8swNwVpqoH4YCShKNFkMaw6oH1mNS2haDZQqkeZFlHS3dhoeEbKKmJB4vXpJucU6oH75aDYeE9g==
  
  source-map-support@^0.5.6:
    version "0.5.11"
    resolved "https://registry.yarnpkg.com/source-map-support/-/source-map-support-0.5.11.tgz#efac2ce0800355d026326a0ca23e162aeac9a4e2"
    integrity sha512-//sajEx/fGL3iw6fltKMdPvy8kL3kJ2O3iuYlRoT3k9Kb4BjOoZ+BZzaNHeuaruSt+Kf3Zk9tnfAQg9/AJqUVQ==
    dependencies:
      buffer-from "^1.0.0"
      source-map "^0.6.0"
  
  source-map@^0.6.0:
    version "0.6.1"
    resolved "https://registry.yarnpkg.com/source-map/-/source-map-0.6.1.tgz#74722af32e9614e9c287a8d0bbde48b5e2f1a263"
    integrity sha512-UjgapumWlbMhkBgzT7Ykc5YXUT46F0iKu8SGXq0bcwP5dz/h0Plj6enJqjz1Zbq2l5WaqYnrVbwWOWMyF3F47g==
  
  ts-node@^8.0.3:
    version "8.0.3"
    resolved "https://registry.yarnpkg.com/ts-node/-/ts-node-8.0.3.tgz#aa60b836a24dafd8bf21b54766841a232fdbc641"
    integrity sha512-2qayBA4vdtVRuDo11DEFSsD/SFsBXQBRZZhbRGSIkmYmVkWjULn/GGMdG10KVqkaGndljfaTD8dKjWgcejO8YA==
    dependencies:
      arg "^4.1.0"
      diff "^3.1.0"
      make-error "^1.1.1"
      source-map-support "^0.5.6"
      yn "^3.0.0"
  
  typescript@^3.3.4000:
    version "3.3.4000"
    resolved "https://registry.yarnpkg.com/typescript/-/typescript-3.3.4000.tgz#76b0f89cfdbf97827e1112d64f283f1151d6adf0"
    integrity sha512-jjOcCZvpkl2+z7JFn0yBOoLQyLoIkNZAs/fYJkUG6VKy6zLPHJGfQJYFHzibB6GJaF/8QrcECtlQ5cpvRHSMEA==
  
  yn@^3.0.0:
    version "3.0.0"
    resolved "https://registry.yarnpkg.com/yn/-/yn-3.0.0.tgz#0073c6b56e92aed652fbdfd62431f2d6b9a7a091"
    integrity sha512-+Wo/p5VRfxUgBUGy2j/6KX2mj9AYJWOHuhMjMcbBFc3y54o9/4buK1ksBvuiK01C3kby8DH9lSmJdSxw+4G/2Q==
